<?xml version="1.0" encoding="UTF-8"?>
<!-- Generated by org.testng.reporters.JUnitReportReporter -->
<testsuite hostname="shanth-Lenovo-ideapad-330-15IKB" failures="0" tests="1" name="scripts.Test2" time="0.009" errors="0" timestamp="2022-10-31T16:01:33 IST" skipped="0">
  <testcase classname="scripts.Test2" name="tc3" time="0.009"/>
  <system-out>
    <![CDATA[hello java]]>
  </system-out>
</testsuite> <!-- scripts.Test2 -->
