<?xml version="1.0" encoding="UTF-8"?>
<!-- Generated by org.testng.reporters.JUnitReportReporter -->
<testsuite skipped="0" hostname="shanth-Lenovo-ideapad-330-15IKB" name="scripts.Test4" tests="1" failures="0" timestamp="2022-11-03T15:12:55 IST" time="0.013" errors="0">
  <testcase name="tc4" time="0.013" classname="scripts.Test4"/>
  <system-out>
    <![CDATA[helo all]]>
  </system-out>
</testsuite> <!-- scripts.Test4 -->
