<?xml version="1.0" encoding="UTF-8"?>
<!-- Generated by org.testng.reporters.JUnitReportReporter -->
<testsuite skipped="0" hostname="shanth-Lenovo-ideapad-330-15IKB" name="scripts.Test1" tests="1" failures="0" timestamp="2022-11-03T14:20:50 IST" time="0.002" errors="0">
  <testcase name="tc2" time="0.002" classname="scripts.Test1"/>
  <system-out>
    <![CDATA[hello appium]]>
  </system-out>
</testsuite> <!-- scripts.Test1 -->
