<?xml version="1.0" encoding="UTF-8"?>
<!-- Generated by org.testng.reporters.JUnitReportReporter -->
<testsuite skipped="0" hostname="shanth-Lenovo-ideapad-330-15IKB" name="scripts.Test0" tests="1" failures="0" timestamp="2022-11-01T11:30:28 IST" time="0.012" errors="0">
  <testcase name="tc1" time="0.012" classname="scripts.Test0"/>
  <system-out>
    <![CDATA[hello java]]>
  </system-out>
</testsuite> <!-- scripts.Test0 -->
