<?xml version="1.0" encoding="UTF-8"?>
<!-- Generated by org.testng.reporters.JUnitReportReporter -->
<testsuite skipped="0" hostname="shanth-Lenovo-ideapad-330-15IKB" name="scripts.Test2" tests="1" failures="0" timestamp="2022-11-03T15:12:55 IST" time="0.002" errors="0">
  <testcase name="tc3" time="0.002" classname="scripts.Test2"/>
  <system-out>
    <![CDATA[hello selnium]]>
  </system-out>
</testsuite> <!-- scripts.Test2 -->
