<?xml version="1.0" encoding="UTF-8"?>
<!-- Generated by org.testng.reporters.JUnitReportReporter -->
<testsuite hostname="shanth-Lenovo-ideapad-330-15IKB" failures="0" tests="1" name="scripts.Test1" time="0.001" errors="0" timestamp="2022-10-31T16:01:33 IST" skipped="0">
  <testcase classname="scripts.Test1" name="tc2" time="0.001"/>
  <system-out>
    <![CDATA[hello appium]]>
  </system-out>
</testsuite> <!-- scripts.Test1 -->
